  [1m[35m (502.8ms)[0m  [1m[35mCREATE DATABASE "first_routes_controllers_development" ENCODING = 'unicode'[0m
  ↳ bin/rails:9
  [1m[35m (254.4ms)[0m  [1m[35mCREATE DATABASE "first_routes_controllers_test" ENCODING = 'unicode'[0m
  ↳ bin/rails:9
Started GET "/" for 127.0.0.1 at 2019-01-28 14:44:08 -0800
Processing by Rails::WelcomeController#index as HTML
  Rendering /usr/local/var/rbenv/versions/2.5.0/lib/ruby/gems/2.5.0/gems/railties-5.2.2/lib/rails/templates/rails/welcome/index.html.erb
  Rendered /usr/local/var/rbenv/versions/2.5.0/lib/ruby/gems/2.5.0/gems/railties-5.2.2/lib/rails/templates/rails/welcome/index.html.erb (5.8ms)
Completed 200 OK in 78ms (Views: 41.8ms | ActiveRecord: 0.0ms)


Started GET "/users" for 127.0.0.1 at 2019-01-28 14:50:53 -0800

AbstractController::ActionNotFound - The action 'index' could not be found for UsersController:

Started GET "/users" for 127.0.0.1 at 2019-01-28 14:51:12 -0800

AbstractController::ActionNotFound - The action 'index' could not be found for UsersController:

Started POST "/__better_errors/a3acdf34fc763134/variables" for 127.0.0.1 at 2019-01-28 14:51:12 -0800
Started GET "/users" for 127.0.0.1 at 2019-01-28 14:52:23 -0800
Processing by UsersController#index as */*
No template found for UsersController#index, rendering head :no_content
Completed 204 No Content in 185ms (ActiveRecord: 0.0ms)


Started GET "/users" for 127.0.0.1 at 2019-01-28 14:52:56 -0800
Processing by UsersController#index as HTML
Completed 406 Not Acceptable in 155ms (ActiveRecord: 0.0ms)



ActionController::UnknownFormat - UsersController#index is missing a template for this request format and variant.

request.formats: ["text/html"]
request.variant: []

NOTE! For XHR/Ajax or API requests, this action would normally respond with 204 No Content: an empty white screen. Since you're loading it in a web browser, we assume that you expected to actually render a template, not nothing, so we're showing an error to be extra-clear. If you expect 204 No Content, carry on. That's what you'll get from an XHR or API request. Give it a shot.:

Started POST "/__better_errors/5bc78721df5ec19b/variables" for 127.0.0.1 at 2019-01-28 14:52:57 -0800
Started GET "/users" for 127.0.0.1 at 2019-01-28 14:54:21 -0800
Processing by UsersController#index as */*
  Rendering text template
  Rendered text template (0.0ms)
Completed 200 OK in 24ms (Views: 22.8ms | ActiveRecord: 0.0ms)


Started GET "/users?fun=sleep&objects=pillows" for 127.0.0.1 at 2019-01-28 14:56:19 -0800
Processing by UsersController#index as */*
  Parameters: {"fun"=>"sleep", "objects"=>"pillows"}
  Rendering text template
  Rendered text template (0.0ms)
Completed 200 OK in 1ms (Views: 0.6ms | ActiveRecord: 0.0ms)


Started GET "/users/1?fun=sleep&objects=pillows" for 127.0.0.1 at 2019-01-28 14:56:44 -0800

AbstractController::ActionNotFound - The action 'show' could not be found for UsersController:

Started GET "/users?fun=sleep&objects=pillows" for 127.0.0.1 at 2019-01-28 14:56:58 -0800
Processing by UsersController#index as */*
  Parameters: {"fun"=>"sleep", "objects"=>"pillows"}
  Rendering text template
  Rendered text template (0.0ms)
Completed 200 OK in 1ms (Views: 0.5ms | ActiveRecord: 0.0ms)


Started POST "/users" for 127.0.0.1 at 2019-01-28 14:58:46 -0800

AbstractController::ActionNotFound - The action 'create' could not be found for UsersController:

Started POST "/users" for 127.0.0.1 at 2019-01-28 15:00:29 -0800
Processing by UsersController#create as */*
  Parameters: {"fun"=>"sleep", "objects"=>"pillows", "dreams"=>"forgetable"}
Completed 200 OK in 1ms (Views: 0.4ms | ActiveRecord: 0.0ms)


Started POST "/users?funtime=test" for 127.0.0.1 at 2019-01-28 15:01:03 -0800
Processing by UsersController#create as */*
  Parameters: {"fun"=>"sleep", "objects"=>"pillows", "dreams"=>"forgetable", "funtime"=>"test"}
Completed 200 OK in 1ms (Views: 0.3ms | ActiveRecord: 0.0ms)


Started GET "/users/2" for 127.0.0.1 at 2019-01-28 15:02:57 -0800

AbstractController::ActionNotFound - The action 'show' could not be found for UsersController:

Started GET "/users/2" for 127.0.0.1 at 2019-01-28 15:03:50 -0800
Processing by UsersController#show as */*
  Parameters: {"id"=>"2"}
Completed 200 OK in 2ms (Views: 0.9ms | ActiveRecord: 0.0ms)


Started GET "/users/2?how_to_sleep[objects]=pillows&how_to_sleep[fun]=sleep&how_to_sleep[dreams]=nightmares_re_coding" for 127.0.0.1 at 2019-01-28 15:06:34 -0800
Processing by UsersController#show as */*
  Parameters: {"how_to_sleep"=>{"objects"=>"pillows", "fun"=>"sleep", "dreams"=>"nightmares_re_coding"}, "id"=>"2"}
Completed 200 OK in 1ms (Views: 0.3ms | ActiveRecord: 0.0ms)


Started POST "/users/2?how_to_sleep[objects]=pillows&how_to_sleep[fun]=sleep&how_to_sleep[dreams]=nightmares_re_coding" for 127.0.0.1 at 2019-01-28 15:07:36 -0800
  
ActionController::RoutingError (No route matches [POST] "/users/2"):
  
actionpack (5.2.2) lib/action_dispatch/middleware/debug_exceptions.rb:65:in `call'
web-console (3.7.0) lib/web_console/middleware.rb:135:in `call_app'
web-console (3.7.0) lib/web_console/middleware.rb:30:in `block in call'
web-console (3.7.0) lib/web_console/middleware.rb:20:in `catch'
web-console (3.7.0) lib/web_console/middleware.rb:20:in `call'
actionpack (5.2.2) lib/action_dispatch/middleware/show_exceptions.rb:33:in `call'
railties (5.2.2) lib/rails/rack/logger.rb:38:in `call_app'
railties (5.2.2) lib/rails/rack/logger.rb:26:in `block in call'
activesupport (5.2.2) lib/active_support/tagged_logging.rb:71:in `block in tagged'
activesupport (5.2.2) lib/active_support/tagged_logging.rb:28:in `tagged'
activesupport (5.2.2) lib/active_support/tagged_logging.rb:71:in `tagged'
railties (5.2.2) lib/rails/rack/logger.rb:26:in `call'
sprockets-rails (3.2.1) lib/sprockets/rails/quiet_assets.rb:13:in `call'
actionpack (5.2.2) lib/action_dispatch/middleware/remote_ip.rb:81:in `call'
actionpack (5.2.2) lib/action_dispatch/middleware/request_id.rb:27:in `call'
rack (2.0.6) lib/rack/method_override.rb:22:in `call'
rack (2.0.6) lib/rack/runtime.rb:22:in `call'
activesupport (5.2.2) lib/active_support/cache/strategy/local_cache_middleware.rb:29:in `call'
actionpack (5.2.2) lib/action_dispatch/middleware/executor.rb:14:in `call'
actionpack (5.2.2) lib/action_dispatch/middleware/static.rb:127:in `call'
rack (2.0.6) lib/rack/sendfile.rb:111:in `call'
railties (5.2.2) lib/rails/engine.rb:524:in `call'
puma (3.12.0) lib/puma/configuration.rb:225:in `call'
puma (3.12.0) lib/puma/server.rb:658:in `handle_request'
puma (3.12.0) lib/puma/server.rb:472:in `process_client'
puma (3.12.0) lib/puma/server.rb:332:in `block in run'
puma (3.12.0) lib/puma/thread_pool.rb:133:in `block in spawn_thread'
Started POST "/users/2?how_to_sleep[objects]=pillows&how_to_sleep[fun]=sleep&how_to_sleep[dreams]=nightmares_re_coding" for 127.0.0.1 at 2019-01-28 15:08:23 -0800
  
ActionController::RoutingError (No route matches [POST] "/users/2"):
  
actionpack (5.2.2) lib/action_dispatch/middleware/debug_exceptions.rb:65:in `call'
web-console (3.7.0) lib/web_console/middleware.rb:135:in `call_app'
web-console (3.7.0) lib/web_console/middleware.rb:30:in `block in call'
web-console (3.7.0) lib/web_console/middleware.rb:20:in `catch'
web-console (3.7.0) lib/web_console/middleware.rb:20:in `call'
actionpack (5.2.2) lib/action_dispatch/middleware/show_exceptions.rb:33:in `call'
railties (5.2.2) lib/rails/rack/logger.rb:38:in `call_app'
railties (5.2.2) lib/rails/rack/logger.rb:26:in `block in call'
activesupport (5.2.2) lib/active_support/tagged_logging.rb:71:in `block in tagged'
activesupport (5.2.2) lib/active_support/tagged_logging.rb:28:in `tagged'
activesupport (5.2.2) lib/active_support/tagged_logging.rb:71:in `tagged'
railties (5.2.2) lib/rails/rack/logger.rb:26:in `call'
sprockets-rails (3.2.1) lib/sprockets/rails/quiet_assets.rb:13:in `call'
actionpack (5.2.2) lib/action_dispatch/middleware/remote_ip.rb:81:in `call'
actionpack (5.2.2) lib/action_dispatch/middleware/request_id.rb:27:in `call'
rack (2.0.6) lib/rack/method_override.rb:22:in `call'
rack (2.0.6) lib/rack/runtime.rb:22:in `call'
activesupport (5.2.2) lib/active_support/cache/strategy/local_cache_middleware.rb:29:in `call'
actionpack (5.2.2) lib/action_dispatch/middleware/executor.rb:14:in `call'
actionpack (5.2.2) lib/action_dispatch/middleware/static.rb:127:in `call'
rack (2.0.6) lib/rack/sendfile.rb:111:in `call'
railties (5.2.2) lib/rails/engine.rb:524:in `call'
puma (3.12.0) lib/puma/configuration.rb:225:in `call'
puma (3.12.0) lib/puma/server.rb:658:in `handle_request'
puma (3.12.0) lib/puma/server.rb:472:in `process_client'
puma (3.12.0) lib/puma/server.rb:332:in `block in run'
puma (3.12.0) lib/puma/thread_pool.rb:133:in `block in spawn_thread'
Started POST "/users?how_to_sleep[objects]=pillows&how_to_sleep[fun]=sleep&how_to_sleep[dreams]=nightmares_re_coding" for 127.0.0.1 at 2019-01-28 15:09:03 -0800
Processing by UsersController#create as */*
  Parameters: {"how_to_sleep"=>{"objects"=>"pillows", "fun"=>"sleep", "dreams"=>"nightmares_re_coding"}, "objects"=>"pillows", "dreams"=>"forgetable"}
Completed 200 OK in 1ms (Views: 0.4ms | ActiveRecord: 0.0ms)


Started POST "/users?how_to_sleep[objects]=pillows&how_to_sleep[fun]=sleep&how_to_sleep[dreams]=nightmares_re_coding" for 127.0.0.1 at 2019-01-28 15:09:48 -0800
Processing by UsersController#create as */*
  Parameters: {"how_to_sleep"=>{"objects"=>"pillows", "fun"=>"sleep", "dreams"=>"nightmares_re_coding"}, "objects"=>"pillows", "dreams"=>"forgetable"}
Completed 200 OK in 1ms (Views: 0.5ms | ActiveRecord: 0.0ms)


Started POST "/users?how_to_sleep[objects]=pillows&how_to_sleep[fun]=sleep&how_to_sleep[dreams]=nightmares_re_coding" for 127.0.0.1 at 2019-01-28 15:10:06 -0800
Processing by UsersController#create as */*
  Parameters: {"test"=>"sleeptest", "objects"=>"pillows", "dreams"=>"forgetable", "how_to_sleep"=>{"objects"=>"pillows", "fun"=>"sleep", "dreams"=>"nightmares_re_coding"}}
Completed 200 OK in 1ms (Views: 0.3ms | ActiveRecord: 0.0ms)


Started POST "/users?how_to_sleep[objects]=pillows&how_to_sleep[fun]=sleep&how_to_sleep[dreams]=nightmares_re_coding" for 127.0.0.1 at 2019-01-28 15:10:24 -0800
Processing by UsersController#create as */*
  Parameters: {"how_to_sleep_test"=>{"test"=>"sleeptest"}, "objects"=>"pillows", "dreams"=>"forgetable", "how_to_sleep"=>{"objects"=>"pillows", "fun"=>"sleep", "dreams"=>"nightmares_re_coding"}}
Completed 200 OK in 1ms (Views: 0.6ms | ActiveRecord: 0.0ms)


  [1m[35m (248.7ms)[0m  [1m[35mCREATE TABLE "schema_migrations" ("version" character varying NOT NULL PRIMARY KEY)[0m
  ↳ bin/rails:9
  [1m[35m (14.2ms)[0m  [1m[35mCREATE TABLE "ar_internal_metadata" ("key" character varying NOT NULL PRIMARY KEY, "value" character varying, "created_at" timestamp NOT NULL, "updated_at" timestamp NOT NULL)[0m
  ↳ bin/rails:9
  [1m[35m (28.9ms)[0m  [1m[34mSELECT pg_try_advisory_lock(8351843619101397030)[0m
  ↳ bin/rails:9
  [1m[35m (7.8ms)[0m  [1m[34mSELECT "schema_migrations"."version" FROM "schema_migrations" ORDER BY "schema_migrations"."version" ASC[0m
  ↳ bin/rails:9
Migrating to CreateUsers (20190128231610)
  [1m[35m (0.3ms)[0m  [1m[35mBEGIN[0m
  ↳ bin/rails:9
  [1m[35m (110.3ms)[0m  [1m[35mCREATE TABLE "users" ("id" bigserial primary key, "name" character varying NOT NULL, "email" character varying NOT NULL, "created_at" timestamp NOT NULL, "updated_at" timestamp NOT NULL)[0m
  ↳ db/migrate/20190128231610_create_users.rb:3
  [1m[35m (2.2ms)[0m  [1m[35mCREATE UNIQUE INDEX  "index_users_on_email" ON "users"  ("email")[0m
  ↳ db/migrate/20190128231610_create_users.rb:8
  [1m[36mActiveRecord::SchemaMigration Create (39.5ms)[0m  [1m[32mINSERT INTO "schema_migrations" ("version") VALUES ($1) RETURNING "version"[0m  [["version", "20190128231610"]]
  ↳ bin/rails:9
  [1m[35m (0.6ms)[0m  [1m[35mCOMMIT[0m
  ↳ bin/rails:9
  [1m[36mActiveRecord::InternalMetadata Load (25.0ms)[0m  [1m[34mSELECT  "ar_internal_metadata".* FROM "ar_internal_metadata" WHERE "ar_internal_metadata"."key" = $1 LIMIT $2[0m  [["key", "environment"], ["LIMIT", 1]]
  ↳ bin/rails:9
  [1m[35m (0.3ms)[0m  [1m[35mBEGIN[0m
  ↳ bin/rails:9
  [1m[36mActiveRecord::InternalMetadata Create (22.6ms)[0m  [1m[32mINSERT INTO "ar_internal_metadata" ("key", "value", "created_at", "updated_at") VALUES ($1, $2, $3, $4) RETURNING "key"[0m  [["key", "environment"], ["value", "development"], ["created_at", "2019-01-28 23:17:39.697594"], ["updated_at", "2019-01-28 23:17:39.697594"]]
  ↳ bin/rails:9
  [1m[35m (11.0ms)[0m  [1m[35mCOMMIT[0m
  ↳ bin/rails:9
  [1m[35m (0.4ms)[0m  [1m[34mSELECT pg_advisory_unlock(8351843619101397030)[0m
  ↳ bin/rails:9
  [1m[35m (22.7ms)[0m  [1m[34mSELECT "schema_migrations"."version" FROM "schema_migrations" ORDER BY "schema_migrations"."version" ASC[0m
  ↳ bin/rails:9
  [1m[35m (1.2ms)[0m  [1m[34mSELECT "schema_migrations"."version" FROM "schema_migrations" ORDER BY "schema_migrations"."version" ASC[0m
  ↳ bin/rails:9
  [1m[35m (1.0ms)[0m  [1m[34mSELECT "schema_migrations"."version" FROM "schema_migrations" ORDER BY "schema_migrations"."version" ASC[0m
  ↳ /usr/local/var/rbenv/versions/2.5.0/bin/annotate:23
  [1m[35m (0.3ms)[0m  [1m[35mBEGIN[0m
  [1m[36mUser Exists (2.6ms)[0m  [1m[34mSELECT  1 AS one FROM "users" WHERE "users"."email" = $1 LIMIT $2[0m  [["email", "drew@email.com"], ["LIMIT", 1]]
  [1m[36mUser Create (19.9ms)[0m  [1m[32mINSERT INTO "users" ("name", "email", "created_at", "updated_at") VALUES ($1, $2, $3, $4) RETURNING "id"[0m  [["name", "Drew"], ["email", "drew@email.com"], ["created_at", "2019-01-28 23:20:47.059428"], ["updated_at", "2019-01-28 23:20:47.059428"]]
  [1m[35m (0.7ms)[0m  [1m[35mCOMMIT[0m
  [1m[35m (0.2ms)[0m  [1m[35mBEGIN[0m
  [1m[36mUser Exists (38.1ms)[0m  [1m[34mSELECT  1 AS one FROM "users" WHERE "users"."email" = $1 LIMIT $2[0m  [["email", "marianna@email.com"], ["LIMIT", 1]]
  [1m[36mUser Create (0.6ms)[0m  [1m[32mINSERT INTO "users" ("name", "email", "created_at", "updated_at") VALUES ($1, $2, $3, $4) RETURNING "id"[0m  [["name", "Marianna"], ["email", "marianna@email.com"], ["created_at", "2019-01-28 23:21:06.672676"], ["updated_at", "2019-01-28 23:21:06.672676"]]
  [1m[35m (0.5ms)[0m  [1m[35mCOMMIT[0m
Started POST "/users?how_to_sleep[objects]=pillows&how_to_sleep[fun]=sleep&how_to_sleep[dreams]=nightmares_re_coding" for 127.0.0.1 at 2019-01-28 15:22:31 -0800
  [1m[35m (1.0ms)[0m  [1m[34mSELECT "schema_migrations"."version" FROM "schema_migrations" ORDER BY "schema_migrations"."version" ASC[0m
  ↳ /usr/local/var/rbenv/versions/2.5.0/lib/ruby/gems/2.5.0/gems/activerecord-5.2.2/lib/active_record/log_subscriber.rb:98
Processing by UsersController#create as */*
  Parameters: {"how_to_sleep"=>{"objects"=>"pillows", "fun"=>"sleep", "dreams"=>"nightmares_re_coding"}, "objects"=>"pillows", "dreams"=>"forgetable"}
Completed 200 OK in 2ms (Views: 0.6ms | ActiveRecord: 0.0ms)


Started POST "/users?how_to_sleep[objects]=pillows&how_to_sleep[fun]=sleep&how_to_sleep[dreams]=nightmares_re_coding" for 127.0.0.1 at 2019-01-28 15:23:06 -0800
Processing by UsersController#create as */*
  Parameters: {"how_to_sleep_test"=>{"test"=>"sleeptest"}, "objects"=>"pillows", "dreams"=>"forgetable", "how_to_sleep"=>{"objects"=>"pillows", "fun"=>"sleep", "dreams"=>"nightmares_re_coding"}}
Completed 200 OK in 3ms (Views: 0.5ms | ActiveRecord: 0.0ms)


Started POST "/users" for 127.0.0.1 at 2019-01-28 15:23:28 -0800
Processing by UsersController#create as */*
  Parameters: {"how_to_sleep"=>{"test"=>"sleeptest"}, "objects"=>"pillows", "dreams"=>"forgetable"}
Completed 200 OK in 1ms (Views: 0.7ms | ActiveRecord: 0.0ms)


Started POST "/users?how_to_sleep[objects]=pillows&how_to_sleep[fun]=sleep&how_to_sleep[dreams]=nightmares_re_coding&objects=pillowtest" for 127.0.0.1 at 2019-01-28 15:25:58 -0800
Processing by UsersController#create as */*
  Parameters: {"how_to_sleep"=>{"objects"=>"pillows", "fun"=>"sleep", "dreams"=>"nightmares_re_coding"}, "objects"=>"pillowtest", "dreams"=>"forgetable"}
Completed 200 OK in 1ms (Views: 0.8ms | ActiveRecord: 0.0ms)


Started GET "/users" for 127.0.0.1 at 2019-01-28 15:29:49 -0800
Processing by UsersController#index as */*
  [1m[36mUser Load (7.4ms)[0m  [1m[34mSELECT "users".* FROM "users"[0m
  ↳ app/controllers/users_controller.rb:3
Completed 200 OK in 143ms (Views: 54.7ms | ActiveRecord: 19.4ms)


Started POST "/users" for 127.0.0.1 at 2019-01-28 15:39:58 -0800
Processing by UsersController#create as */*
  Parameters: {"user"=>{"email"=>"darren@email.com", "name"=>"Darren"}}
  [1m[35m (0.2ms)[0m  [1m[35mBEGIN[0m
  ↳ app/controllers/users_controller.rb:9
  [1m[36mUser Exists (14.3ms)[0m  [1m[34mSELECT  1 AS one FROM "users" WHERE "users"."email" = $1 LIMIT $2[0m  [["email", "darren@email.com"], ["LIMIT", 1]]
  ↳ app/controllers/users_controller.rb:9
  [1m[36mUser Create (1.5ms)[0m  [1m[32mINSERT INTO "users" ("name", "email", "created_at", "updated_at") VALUES ($1, $2, $3, $4) RETURNING "id"[0m  [["name", "Darren"], ["email", "darren@email.com"], ["created_at", "2019-01-28 23:39:59.273877"], ["updated_at", "2019-01-28 23:39:59.273877"]]
  ↳ app/controllers/users_controller.rb:9
  [1m[35m (0.9ms)[0m  [1m[35mCOMMIT[0m
  ↳ app/controllers/users_controller.rb:9
Completed 200 OK in 77ms (Views: 1.3ms | ActiveRecord: 29.9ms)


Started GET "/users" for 127.0.0.1 at 2019-01-28 15:40:12 -0800
Processing by UsersController#index as */*
  Parameters: {"user"=>{"email"=>"darren@email.com", "name"=>"Darren"}}
  [1m[36mUser Load (0.6ms)[0m  [1m[34mSELECT "users".* FROM "users"[0m
  ↳ app/controllers/users_controller.rb:3
Completed 200 OK in 4ms (Views: 2.9ms | ActiveRecord: 0.6ms)


Started POST "/users" for 127.0.0.1 at 2019-01-28 15:40:33 -0800
Processing by UsersController#create as */*
  Parameters: {"user"=>{"email"=>"darren@email.com", "name"=>"Rome"}}
  [1m[35m (0.4ms)[0m  [1m[35mBEGIN[0m
  ↳ app/controllers/users_controller.rb:9
  [1m[36mUser Exists (1.4ms)[0m  [1m[34mSELECT  1 AS one FROM "users" WHERE "users"."email" = $1 LIMIT $2[0m  [["email", "darren@email.com"], ["LIMIT", 1]]
  ↳ app/controllers/users_controller.rb:9
  [1m[35m (0.3ms)[0m  [1m[31mROLLBACK[0m
  ↳ app/controllers/users_controller.rb:9
Completed 422 Unprocessable Entity in 262ms (Views: 0.2ms | ActiveRecord: 2.1ms)


Started POST "/users" for 127.0.0.1 at 2019-01-28 15:40:50 -0800
Processing by UsersController#create as */*
  Parameters: {"user"=>{"email"=>"rome@email.com", "name"=>"Rome"}}
  [1m[35m (0.5ms)[0m  [1m[35mBEGIN[0m
  ↳ app/controllers/users_controller.rb:9
  [1m[36mUser Exists (2.9ms)[0m  [1m[34mSELECT  1 AS one FROM "users" WHERE "users"."email" = $1 LIMIT $2[0m  [["email", "rome@email.com"], ["LIMIT", 1]]
  ↳ app/controllers/users_controller.rb:9
  [1m[36mUser Create (0.9ms)[0m  [1m[32mINSERT INTO "users" ("name", "email", "created_at", "updated_at") VALUES ($1, $2, $3, $4) RETURNING "id"[0m  [["name", "Rome"], ["email", "rome@email.com"], ["created_at", "2019-01-28 23:40:50.388647"], ["updated_at", "2019-01-28 23:40:50.388647"]]
  ↳ app/controllers/users_controller.rb:9
  [1m[35m (0.6ms)[0m  [1m[35mCOMMIT[0m
  ↳ app/controllers/users_controller.rb:9
Completed 200 OK in 11ms (Views: 0.5ms | ActiveRecord: 4.8ms)


Started GET "/users" for 127.0.0.1 at 2019-01-28 15:40:54 -0800
Processing by UsersController#index as */*
  Parameters: {"user"=>{"email"=>"rome@email.com", "name"=>"Rome"}}
  [1m[36mUser Load (0.9ms)[0m  [1m[34mSELECT "users".* FROM "users"[0m
  ↳ app/controllers/users_controller.rb:3
Completed 200 OK in 4ms (Views: 3.0ms | ActiveRecord: 0.9ms)


Started GET "/users" for 127.0.0.1 at 2019-01-28 16:07:59 -0800
Processing by UsersController#index as */*
  Parameters: {"user"=>{"name"=>"Romes"}}
  [1m[36mUser Load (1.2ms)[0m  [1m[34mSELECT "users".* FROM "users"[0m
  ↳ app/controllers/users_controller.rb:3
Completed 200 OK in 33ms (Views: 15.9ms | ActiveRecord: 12.6ms)


Started POST "/users" for 127.0.0.1 at 2019-01-28 16:08:04 -0800
Processing by UsersController#create as */*
  Parameters: {"user"=>{"name"=>"Romes"}}
  [1m[35m (0.3ms)[0m  [1m[35mBEGIN[0m
  ↳ app/controllers/users_controller.rb:9
  [1m[36mUser Exists (15.4ms)[0m  [1m[34mSELECT  1 AS one FROM "users" WHERE "users"."email" IS NULL LIMIT $1[0m  [["LIMIT", 1]]
  ↳ app/controllers/users_controller.rb:9
  [1m[35m (0.4ms)[0m  [1m[31mROLLBACK[0m
  ↳ app/controllers/users_controller.rb:9
Completed 422 Unprocessable Entity in 33ms (Views: 0.3ms | ActiveRecord: 16.1ms)


Started GET "/users/2" for 127.0.0.1 at 2019-01-28 16:13:44 -0800
Processing by UsersController#show as */*
  Parameters: {"user"=>{"name"=>"Romes"}, "id"=>"2"}
  [1m[36mUser Load (0.8ms)[0m  [1m[34mSELECT  "users".* FROM "users" WHERE "users"."id" = $1 LIMIT $2[0m  [["id", 2], ["LIMIT", 1]]
  ↳ app/controllers/users_controller.rb:17
Completed 200 OK in 48ms (Views: 0.9ms | ActiveRecord: 14.4ms)


Started GET "/users/6" for 127.0.0.1 at 2019-01-28 16:13:54 -0800
Processing by UsersController#show as */*
  Parameters: {"user"=>{"name"=>"Romes"}, "id"=>"6"}
  [1m[36mUser Load (0.8ms)[0m  [1m[34mSELECT  "users".* FROM "users" WHERE "users"."id" = $1 LIMIT $2[0m  [["id", 6], ["LIMIT", 1]]
  ↳ app/controllers/users_controller.rb:17
Completed 404 Not Found in 3ms (ActiveRecord: 0.8ms)



ActiveRecord::RecordNotFound - Couldn't find User with 'id'=6:
  app/controllers/users_controller.rb:17:in `show'

Started PATCH "/users/2" for 127.0.0.1 at 2019-01-28 16:20:17 -0800
Processing by UsersController#update as */*
  Parameters: {"user"=>{"name"=>"Mullens"}, "id"=>"2"}
  [1m[36mUser Load (0.7ms)[0m  [1m[34mSELECT  "users".* FROM "users" WHERE "users"."id" = $1 LIMIT $2[0m  [["id", 2], ["LIMIT", 1]]
  ↳ app/controllers/users_controller.rb:17
  [1m[35m (0.2ms)[0m  [1m[35mBEGIN[0m
  ↳ app/controllers/users_controller.rb:19
  [1m[36mUser Exists (1.1ms)[0m  [1m[34mSELECT  1 AS one FROM "users" WHERE "users"."email" = $1 AND "users"."id" != $2 LIMIT $3[0m  [["email", "marianna@email.com"], ["id", 2], ["LIMIT", 1]]
  ↳ app/controllers/users_controller.rb:19
  [1m[36mUser Update (7.5ms)[0m  [1m[33mUPDATE "users" SET "name" = $1, "updated_at" = $2 WHERE "users"."id" = $3[0m  [["name", "Mullens"], ["updated_at", "2019-01-29 00:20:17.748617"], ["id", 2]]
  ↳ app/controllers/users_controller.rb:19
  [1m[35m (0.6ms)[0m  [1m[35mCOMMIT[0m
  ↳ app/controllers/users_controller.rb:19
Completed 200 OK in 62ms (Views: 0.7ms | ActiveRecord: 22.1ms)


Started DELETE "/users/4" for 127.0.0.1 at 2019-01-28 16:20:37 -0800
Processing by UsersController#destroy as */*
  Parameters: {"user"=>{"name"=>"Mullens"}, "id"=>"4"}
  [1m[36mUser Load (0.9ms)[0m  [1m[34mSELECT  "users".* FROM "users" WHERE "users"."id" = $1 LIMIT $2[0m  [["id", 4], ["LIMIT", 1]]
  ↳ app/controllers/users_controller.rb:27
  [1m[35m (0.2ms)[0m  [1m[35mBEGIN[0m
  ↳ app/controllers/users_controller.rb:29
  [1m[36mUser Destroy (0.6ms)[0m  [1m[31mDELETE FROM "users" WHERE "users"."id" = $1[0m  [["id", 4]]
  ↳ app/controllers/users_controller.rb:29
  [1m[35m (0.5ms)[0m  [1m[35mCOMMIT[0m
  ↳ app/controllers/users_controller.rb:29
Completed 200 OK in 6ms (Views: 0.5ms | ActiveRecord: 2.2ms)


Started DELETE "/users/4" for 127.0.0.1 at 2019-01-28 16:20:45 -0800
Processing by UsersController#destroy as */*
  Parameters: {"user"=>{"name"=>"Mullens"}, "id"=>"4"}
  [1m[36mUser Load (0.8ms)[0m  [1m[34mSELECT  "users".* FROM "users" WHERE "users"."id" = $1 LIMIT $2[0m  [["id", 4], ["LIMIT", 1]]
  ↳ app/controllers/users_controller.rb:27
Completed 404 Not Found in 3ms (ActiveRecord: 0.8ms)



ActiveRecord::RecordNotFound - Couldn't find User with 'id'=4:
  app/controllers/users_controller.rb:27:in `destroy'

